07-03-2023 16:51 [petshop-api] info: [ANIMAL] POST createAnimal - {"animalId":11,"name":"Totó","type":"Cachorro","ownerId":11}
07-03-2023 16:52 [petshop-api] info: [ANIMAL] PUT updateAnimal - {"animalId":11,"name":"Duckynho","type":"Cachorro","ownerId":11}
07-03-2023 17:11 [petshop-api] info: [ANIMAL] POST createAnimal - {"animalId":12,"name":"Totó","type":"Cachorro","ownerId":12}
07-03-2023 17:12 [petshop-api] info: [ANIMAL] DELETE deleteAnimal - undefined
07-03-2023 17:14 [petshop-api] info: [ANIMAL] DELETE deleteAnimal - undefined
07-03-2023 17:16 [petshop-api] info: [ANIMAL] DELETE deleteAnimal - null
07-03-2023 17:17 [petshop-api] info: [ANIMAL] DELETE deleteAnimal - {"animalId":3,"name":"Mimi","type":"Gato","ownerId":2}
07-03-2023 17:17 [petshop-api] info: [ANIMAL] DELETE deleteAnimal - {"animalId":4,"name":"Dory","type":"Cachorro","ownerId":3}
07-03-2023 17:17 [petshop-api] info: [ANIMAL] DELETE deleteAnimal - {"animalId":5,"name":"Lulu","type":"Cachorro","ownerId":4}
07-03-2023 17:17 [petshop-api] info: [ANIMAL] DELETE deleteAnimal - {"animalId":6,"name":"Bob","type":"Cachorro","ownerId":5}
07-03-2023 17:17 [petshop-api] info: [ANIMAL] DELETE deleteAnimal - {"animalId":7,"name":"Milu","type":"Cachorro","ownerId":5}
07-03-2023 17:17 [petshop-api] info: [ANIMAL] DELETE deleteAnimal - {"animalId":8,"name":"Emmy","type":"Gato","ownerId":5}
07-03-2023 17:17 [petshop-api] info: [ANIMAL] DELETE deleteAnimal - {"animalId":9,"name":"Amora","type":"Cachorro","ownerId":6}
07-03-2023 17:17 [petshop-api] info: [ANIMAL] DELETE deleteAnimal - {"animalId":11,"name":"Duckynho","type":"Cachorro","ownerId":11}
07-03-2023 17:35 [petshop-api] info: [ANIMAL] POST createAnimal - {"animalId":13,"name":"Totó","type":"Cachorro","ownerId":17}
07-03-2023 17:36 [petshop-api] info: [ANIMAL] PUT updateAnimal - {"animalId":13,"name":"Duckynho","type":"Cachorro","ownerId":17}
07-03-2023 17:36 [petshop-api] info: [ANIMAL] PUT updateAnimal - {"animalId":13,"name":"tyty","type":"Cachorro","ownerId":17}
07-03-2023 17:38 [petshop-api] info: [ANIMAL] DELETE deleteAnimal - {"animalId":13,"name":"tyty","type":"Cachorro","ownerId":17}
07-03-2023 17:39 [petshop-api] info: [ANIMAL] POST createAnimal - {"animalId":14,"name":"Totó","type":"Cachorro","ownerId":17}
07-03-2023 17:39 [petshop-api] info: [ANIMAL] DELETE deleteAnimal - {"animalId":14,"name":"Totó","type":"Cachorro","ownerId":17}
07-03-2023 17:39 [petshop-api] info: [ANIMAL] POST createAnimal - {"animalId":15,"name":"Totó","type":"Cachorro","ownerId":17}
07-03-2023 17:40 [petshop-api] info: [ANIMAL] DELETE deleteAnimal - {"animalId":15,"name":"Totó","type":"Cachorro","ownerId":17}
07-03-2023 17:40 [petshop-api] info: [ANIMAL] POST createAnimal - {"animalId":16,"name":"Totó","type":"Cachorro","ownerId":17}
07-03-2023 17:41 [petshop-api] info: [ANIMAL] POST createAnimal - {"animalId":17,"name":"Totó","type":"Cachorro","ownerId":17}
07-03-2023 19:23 [petshop-api] info: [ANIMAL] DELETE deleteAnimal - {"animalId":16,"name":"Totó","type":"Cachorro","ownerId":17}
