06-03-2023 14:52 [petshop-api] info: [OWNER] POST createOwner - {"owner_id":31,"name":"Kenji Moura Sakai","phone":"(11) 98223-7246"}
06-03-2023 14:53 [petshop-api] info: [OWNER] POST createOwner - {"owner_id":32,"name":"Kenji Moura Sakai","phone":"(11) 98223-7246"}
06-03-2023 14:53 [petshop-api] info: [OWNER] POST createOwner - {"owner_id":33,"name":"Kenji Moura Sakai","phone":"(11) 98223-7246"}
06-03-2023 14:54 [petshop-api] info: [OWNER] POST createOwner - {"owner_id":34,"name":"Kenji Moura Sakai","phone":"(11) 98223-7246"}
06-03-2023 14:55 [petshop-api] info: [OWNER] POST createOwner - {"owner_id":35,"name":"Kenji Moura Sakai","phone":"(11) 98223-7246"}
06-03-2023 15:19 [petshop-api] info: [OWNER] POST createOwner - {"owner_id":38,"name":"Kenji Moura Sakai","phone":"(11) 98223-7246"}
06-03-2023 15:19 [petshop-api] info: [OWNER] POST createOwner - {"owner_id":39,"name":"Kenji Moura Sakai","phone":"(11) 98223-7246"}
06-03-2023 15:20 [petshop-api] info: [OWNER] POST createOwner - {"owner_id":40,"name":"Kenji Moura Sakai","phone":"(11) 98223-7246"}
06-03-2023 15:23 [petshop-api] info: [OWNER] POST createOwner - {"owner_id":42,"name":"Kenji Moura Sakai","phone":"(11) 98223-7246"}
06-03-2023 15:35 [petshop-api] info: [OWNER] POST createOwner - {"owner_id":43,"name":"Kenji Moura Sakai","phone":"(11) 98223-7246"}
07-03-2023 16:16 [petshop-api] info: [OWNER] POST createOwner - {"ownerId":7,"name":"Kenji Moura Sakai","phone":"(11) 98223-7246"}
07-03-2023 16:17 [petshop-api] info: [OWNER] POST createOwner - {"ownerId":8,"name":"Kenji Moura Sakai","phone":"(11) 98223-7246"}
07-03-2023 16:19 [petshop-api] info: [OWNER] PUT updateOwner - {"ownerId":8,"name":"Carla Sakai","phone":"(11) 98456-1232"}
07-03-2023 16:40 [petshop-api] info: [OWNER] POST createOwner - {"ownerId":9,"name":"Kenji Moura Sakai","phone":"(11) 98223-7246"}
07-03-2023 16:41 [petshop-api] info: [OWNER] PUT updateOwner - {"ownerId":9,"name":"Carla Sakai","phone":"(11) 98456-1232"}
07-03-2023 16:46 [petshop-api] info: [OWNER] POST createOwner - {"ownerId":10,"name":"Kenji Moura Sakai","phone":"(11) 98223-7246"}
07-03-2023 16:47 [petshop-api] info: [OWNER] DELETE deleteOwner - {"ownerId":10,"name":"Kenji Moura Sakai","phone":"(11) 98223-7246"}
07-03-2023 16:50 [petshop-api] info: [OWNER] POST createOwner - {"ownerId":11,"name":"Kenji Moura Sakai","phone":"(11) 98223-7246"}
07-03-2023 17:05 [petshop-api] info: [OWNER] POST createOwner - {"ownerId":12,"name":"Kenji Moura Sakai","phone":"(11) 98223-7246"}
07-03-2023 17:05 [petshop-api] info: [OWNER] POST createOwner - {"ownerId":13,"name":"Kenji Moura Sakai","phone":"(11) 98223-7246"}
07-03-2023 17:05 [petshop-api] info: [OWNER] POST createOwner - {"ownerId":14,"name":"Kenji Moura Sakai","phone":"(11) 98223-7246"}
07-03-2023 17:12 [petshop-api] info: [OWNER] POST createOwner - {"ownerId":15,"name":"Kenji Moura Sakai","phone":"(11) 98223-7246"}
07-03-2023 17:13 [petshop-api] info: [OWNER] PUT updateOwner - {"ownerId":9,"name":"Carla Sakai","phone":"(11) 98456-1232"}
07-03-2023 17:18 [petshop-api] info: [OWNER] DELETE deleteOwner - {"ownerId":1,"name":"Alda Valentim","phone":"(39) 98566-1222"}
07-03-2023 17:18 [petshop-api] info: [OWNER] DELETE deleteOwner - {"ownerId":2,"name":"Nicolas Avelar","phone":"(28) 97432-0379"}
07-03-2023 17:18 [petshop-api] info: [OWNER] DELETE deleteOwner - {"ownerId":3,"name":"Emilly Baptista","phone":"(31) 99545-2457"}
07-03-2023 17:18 [petshop-api] info: [OWNER] DELETE deleteOwner - {"ownerId":4,"name":"Beatriz Bonilha","phone":"(35) 98054-4724"}
07-03-2023 17:18 [petshop-api] info: [OWNER] DELETE deleteOwner - {"ownerId":5,"name":"Nataniel Faleiro","phone":"(33) 99594-3315"}
07-03-2023 17:18 [petshop-api] info: [OWNER] DELETE deleteOwner - {"ownerId":6,"name":"Richard Santos","phone":"(27) 99597-9170"}
07-03-2023 17:18 [petshop-api] info: [OWNER] DELETE deleteOwner - {"ownerId":7,"name":"Kenji Moura Sakai","phone":"(11) 98223-7246"}
07-03-2023 17:18 [petshop-api] info: [OWNER] DELETE deleteOwner - {"ownerId":8,"name":"Carla Sakai","phone":"(11) 98456-1232"}
07-03-2023 17:18 [petshop-api] info: [OWNER] DELETE deleteOwner - {"ownerId":9,"name":"Carla Sakai","phone":"(11) 98456-1232"}
07-03-2023 17:18 [petshop-api] info: [OWNER] DELETE deleteOwner - {"ownerId":11,"name":"Kenji Moura Sakai","phone":"(11) 98223-7246"}
07-03-2023 17:18 [petshop-api] info: [OWNER] POST createOwner - {"ownerId":16,"name":"Kenji Moura Sakai","phone":"(11) 98223-7246"}
07-03-2023 17:18 [petshop-api] info: [OWNER] DELETE deleteOwner - {"ownerId":16,"name":"Kenji Moura Sakai","phone":"(11) 98223-7246"}
07-03-2023 17:35 [petshop-api] info: [OWNER] POST createOwner - {"ownerId":17,"name":"Kenji Moura Sakai","phone":"(11) 98223-7246"}
07-03-2023 17:41 [petshop-api] info: [OWNER] POST createOwner - {"ownerId":18,"name":"Kenji Moura Sakai","phone":"(11) 98223-7246"}
