09-03-2023 00:02 [petshop-api] info: [POST] POST createPost - {"title":"Os Cachorros","content":"Como controlar os latidos dos cachorros","_id":"64094c44c149409bef762361"}
09-03-2023 00:04 [petshop-api] info: [POST] POST createPost - {"title":" Cachorro ruivando","content":"Todos os cachorros aaaaaauuuuuuuuuuuuuuuuuu","comments":[{"name":"Kenji","content":"aaaaaaaaauuuuuuuuuuuuuuuuu"}],"_id":"64094cc2c149409bef762362"}
09-03-2023 02:09 [petshop-api] info: [POST] POST createPost - {"postId":1,"title":" Cachorro ruivando","content":"Todos os cachorros aaaaaauuuuuuuuuuuuuuuuuu","comments":[{"name":"Kenji","content":"aaaaaaaaauuuuuuuuuuuuuuuuu"}],"_id":"64096a0b919c53ccb4da9e78"}
09-03-2023 02:24 [petshop-api] info: [POST] POST createPost - {"postId":2,"title":" Cachorro ruivando","content":"Todos os cachorros aaaaaauuuuuuuuuuuuuuuuuu","comments":[{"name":"Kenji","content":"aaaaaaaaauuuuuuuuuuuuuuuuu"}],"_id":"64096d9d67912045972f052c"}
09-03-2023 02:25 [petshop-api] info: [POST] PUT updatePost - {"postId":2,"name":"Kenji"}
09-03-2023 02:26 [petshop-api] info: [POST] PUT updatePost - {"postId":2,"name":"Kenji"}
09-03-2023 02:27 [petshop-api] info: [POST] PUT updatePost - {"postId":2,"name":"Kenji"}
09-03-2023 02:36 [petshop-api] info: [POST] POST createComment - {"postId":2,"name":"Kenji","content":"au"}
09-03-2023 02:37 [petshop-api] info: [POST] POST createComment - {"postId":2,"name":"Kenji","content":"au"}
09-03-2023 02:39 [petshop-api] info: [POST] POST createComment - {"postId":2,"comments":{"name":"Kenji","content":"au"}}
09-03-2023 02:42 [petshop-api] info: [POST] POST createPost - {"postId":3,"title":" Cachorro ruivando","content":"Todos os cachorros aaaaaauuuuuuuuuuuuuuuuuu","comments":[{"name":"Kenji","content":"aaaaaaaaauuuuuuuuuuuuuuuuu"}],"_id":"640971cb49c69cb07bdad3b1"}
09-03-2023 02:42 [petshop-api] info: [POST] POST createComment - {"postId":3,"comments":[{"name":"Kenji","content":"au"}]}
09-03-2023 02:43 [petshop-api] info: [POST] POST createComment - {"postId":3,"comments":[{"name":"Kenji","content":"au"}]}
09-03-2023 02:43 [petshop-api] info: [POST] POST createComment - {"postId":3,"comments":[{"name":"Kenji","content":"au"}]}
09-03-2023 02:45 [petshop-api] info: [POST] POST createComment - {"postId":3,"comments":[{"name":"Kenji","content":"au"}]}
09-03-2023 02:46 [petshop-api] info: [POST] POST createComment - {"postId":3,"comments":[{"name":"Kenjlli","content":"au"}]}
09-03-2023 02:50 [petshop-api] info: [POST] POST createComment - {"postId":3,"comments":[{"name":"Kenjlli","content":"au"}]}
09-03-2023 02:51 [petshop-api] info: [POST] POST createComment - [{"name":"Kenjlli","content":"au"}]
09-03-2023 02:51 [petshop-api] info: [POST] POST createComment - {"name":"Kenjlli","content":"au"}
09-03-2023 16:00 [petshop-api] info: [POST] POST createPost - {"title":" Cachorro ruivando","content":"Todos os cachorros aaaaaauuuuuuuuuuuuuuuuuu","comments":[{"name":"Kenji"}],"_id":"640a2cbc2c1c3d2063518d5b"}
09-03-2023 16:09 [petshop-api] info: [POST] POST createPost - {"title":" Cachorro ruivando","content":"Todos os cachorros aaaaaauuuuuuuuuuuuuuuuuu","comments":[{"name":"Kenji","comment":"aaaaaaaaauuuuuuuuuuuuuuuuu"}],"_id":"640a2efa5006b729eccf7d02"}
09-03-2023 16:14 [petshop-api] info: [POST] POST createPost - {"title":" Cachorro ruivando","content":"Todos os cachorros aaaaaauuuuuuuuuuuuuuuuuu","comments":[{"name":"Kenji","comment":"aaaaaaaaauuuuuuuuuuuuuuuuu"}],"_id":"640a2ff8af8dd2be7cbfd9a3"}
09-03-2023 16:27 [petshop-api] info: [POST] POST createPost - {"title":" Cachorro ruivando","content":"Todos os cachorros aaaaaauuuuuuuuuuuuuuuuuu","comments":[{"name":"Kenji","comment":"aaaaaaaaauuuuuuuuuuuuuuuuu"}],"_id":"640a3317295f8d6553d98ce0"}
09-03-2023 18:02 [petshop-api] info: [POST] POST createPost - undefined
09-03-2023 18:02 [petshop-api] info: [POST] POST createPost - undefined
09-03-2023 18:22 [petshop-api] info: [POST] POST createPost - undefined
09-03-2023 18:22 [petshop-api] info: [POST] POST createPost - undefined
09-03-2023 18:25 [petshop-api] info: [POST] POST createComment - undefined
